
 info: Starting app...

 info: Initializing project hook... (`api/hooks/custom/`)
 info: Initializing `apianalytics` hook...  (requests to monitored routes will be logged!)
 info: ·• Auto-migrating...  (alter)
 info:    Hold tight, this could take a moment.
 info:  ✓ Auto-migration complete.

0.001
 warn: ---------------------------------------------------------------------------
 warn: Files in the `controllers` directory may be traditional controllers or 
action files.  Traditional controllers are dictionaries of actions, with 
pascal-cased filenames ending in "Controller" (e.g. MyGreatController.js).
Action files are kebab-cased (e.g. do-stuff.js) and contain a single action.
The following files were ignored for not meeting those criteria:
 warn: - ipfstokenmap/slpipfs.json
 warn: - ipfsusage/userdefault.json
 warn: ----------------------------------------------------------------------------

debug: Skipping v0 bootstrap script...  (because it's already been run)
debug: (last run on this computer: @ Tue Feb 18 2020 15:56:49 GMT+0000 (Coordinated Universal Time))
 info: 
 info:                .-..-.
 info: 
 info:    Sails              <|    .-..-.
 info:    v1.2.3              |\
 info:                       /|.\
 info:                      / || \
 info:                    ,'  |'  \
 info:                 .-'.-==|/_--'
 info:                 `--'-------' 
 info:    __---___--___---___--___---___--___
 info:  ____---___--___---___--___---___--___-__
 info: 
 info: Server lifted in `/home/rameshbn/phase2/sailswork/ipfssailsserverwork`
 info: To shut down Sails, press <CTRL> + C at any time.
 info: Read more at https://sailsjs.com/support.

debug: -------------------------------------------------------
debug: :: Wed Apr 22 2020 10:43:07 GMT+0000 (Coordinated Universal Time)

debug: Environment : development
debug: Port        : 1337
debug: -------------------------------------------------------
isAuthorised
Decoded={"id":"5e8df279c2340a51debb117a","iat":1587474240,"exp":2667474240}
User={"createdAt":1586360953586,"updatedAt":1586360953586,"id":"5e8df279c2340a51debb117a","email":"user1@dora.com","username":"user1","userid":"user1xxx","role":"user","account":0,"password":"$2b$10$Ywz0.bYbubccf/oaFnk0huZcka3rQgoEdYVqp7EWI8Ys9mujDQjAK"}
<- POST /api/ipfsnode/getipfsconfig           (23ms 403)
isAuthorised
Decoded={"id":"5e8df279c2340a51debb117a","iat":1587474240,"exp":2667474240}
User={"createdAt":1586360953586,"updatedAt":1586360953586,"id":"5e8df279c2340a51debb117a","email":"user1@dora.com","username":"user1","userid":"user1xxx","role":"user","account":0,"password":"$2b$10$Ywz0.bYbubccf/oaFnk0huZcka3rQgoEdYVqp7EWI8Ys9mujDQjAK"}
isAuthorised
Decoded={"id":"5e8df279c2340a51debb117a","iat":1587474240,"exp":2667474240}
<- POST /api/ipfsnode/getipfsconfig           (16ms 403)
isAuthorised
Decoded={"id":"5e8df279c2340a51debb117a","iat":1587474240,"exp":2667474240}
User={"createdAt":1586360953586,"updatedAt":1586360953586,"id":"5e8df279c2340a51debb117a","email":"user1@dora.com","username":"user1","userid":"user1xxx","role":"user","account":0,"password":"$2b$10$Ywz0.bYbubccf/oaFnk0huZcka3rQgoEdYVqp7EWI8Ys9mujDQjAK"}
User={"createdAt":1586360953586,"updatedAt":1586360953586,"id":"5e8df279c2340a51debb117a","email":"user1@dora.com","username":"user1","userid":"user1xxx","role":"user","account":0,"password":"$2b$10$Ywz0.bYbubccf/oaFnk0huZcka3rQgoEdYVqp7EWI8Ys9mujDQjAK"}
in test
<- GET /api/auth/protected                    (12ms 304)
<- POST /api/ipfsadmin/listusers              (22ms 200)
isAuthorised
Decoded={"id":"5e8df279c2340a51debb117a","iat":1587474240,"exp":2667474240}
User={"createdAt":1586360953586,"updatedAt":1586360953586,"id":"5e8df279c2340a51debb117a","email":"user1@dora.com","username":"user1","userid":"user1xxx","role":"user","account":0,"password":"$2b$10$Ywz0.bYbubccf/oaFnk0huZcka3rQgoEdYVqp7EWI8Ys9mujDQjAK"}
<- POST /api/ipfsnode/getipfsconfig           (8ms 200)
isAuthorised
Decoded={"id":"5e8df279c2340a51debb117a","iat":1587474240,"exp":2667474240}
User={"createdAt":1586360953586,"updatedAt":1586360953586,"id":"5e8df279c2340a51debb117a","email":"user1@dora.com","username":"user1","userid":"user1xxx","role":"user","account":0,"password":"$2b$10$Ywz0.bYbubccf/oaFnk0huZcka3rQgoEdYVqp7EWI8Ys9mujDQjAK"}
<- POST /api/ipfsnode/getipfsconfig           (15ms 403)
isAuthorised
Decoded={"id":"5e8df279c2340a51debb117a","iat":1587474240,"exp":2667474240}
User={"createdAt":1586360953586,"updatedAt":1586360953586,"id":"5e8df279c2340a51debb117a","email":"user1@dora.com","username":"user1","userid":"user1xxx","role":"user","account":0,"password":"$2b$10$Ywz0.bYbubccf/oaFnk0huZcka3rQgoEdYVqp7EWI8Ys9mujDQjAK"}
in test
<- GET /api/auth/protected                    (9ms 304)
isAuthorised
Decoded={"id":"5e8df279c2340a51debb117a","iat":1587474240,"exp":2667474240}
User={"createdAt":1586360953586,"updatedAt":1586360953586,"id":"5e8df279c2340a51debb117a","email":"user1@dora.com","username":"user1","userid":"user1xxx","role":"user","account":0,"password":"$2b$10$Ywz0.bYbubccf/oaFnk0huZcka3rQgoEdYVqp7EWI8Ys9mujDQjAK"}
isAuthorised
Decoded={"id":"5e8df279c2340a51debb117a","iat":1587474240,"exp":2667474240}
<- POST /api/ipfsnode/getipfsconfig           (18ms 403)
User={"createdAt":1586360953586,"updatedAt":1586360953586,"id":"5e8df279c2340a51debb117a","email":"user1@dora.com","username":"user1","userid":"user1xxx","role":"user","account":0,"password":"$2b$10$Ywz0.bYbubccf/oaFnk0huZcka3rQgoEdYVqp7EWI8Ys9mujDQjAK"}
<- POST /api/ipfsadmin/listusers              (12ms 200)
isAuthorised
Decoded={"id":"5e8df279c2340a51debb117a","iat":1587474240,"exp":2667474240}
User={"createdAt":1586360953586,"updatedAt":1586360953586,"id":"5e8df279c2340a51debb117a","email":"user1@dora.com","username":"user1","userid":"user1xxx","role":"user","account":0,"password":"$2b$10$Ywz0.bYbubccf/oaFnk0huZcka3rQgoEdYVqp7EWI8Ys9mujDQjAK"}
isAuthorised
Decoded={"id":"5e8df279c2340a51debb117a","iat":1587474240,"exp":2667474240}



Wed Apr 22 2020 13:50:59 GMT+0000 (Coordinated Universal Time)
- - - - - - - - - - - - - - - - - - - - - - - - - - - - -

<- POST /api/ipfsnode/getipfsconfig           (29ms 403)
User={"createdAt":1586360953586,"updatedAt":1586360953586,"id":"5e8df279c2340a51debb117a","email":"user1@dora.com","username":"user1","userid":"user1xxx","role":"user","account":0,"password":"$2b$10$Ywz0.bYbubccf/oaFnk0huZcka3rQgoEdYVqp7EWI8Ys9mujDQjAK"}
in test
<- GET /api/auth/protected                    (17ms 304)

 info: Starting app...

 info: Initializing project hook... (`api/hooks/custom/`)
 info: Initializing `apianalytics` hook...  (requests to monitored routes will be logged!)
 info: ·• Auto-migrating...  (alter)
 info:    Hold tight, this could take a moment.
 info:  ✓ Auto-migration complete.

0.001
 warn: ---------------------------------------------------------------------------
 warn: Files in the `controllers` directory may be traditional controllers or 
action files.  Traditional controllers are dictionaries of actions, with 
pascal-cased filenames ending in "Controller" (e.g. MyGreatController.js).
Action files are kebab-cased (e.g. do-stuff.js) and contain a single action.
The following files were ignored for not meeting those criteria:
 warn: - ipfstokenmap/slpipfs.json
 warn: - ipfsusage/node1cluster.json
 warn: - ipfsusage/node1private.json
 warn: - ipfsusage/node1public.json
 warn: - ipfsusage/node2cluster.json
 warn: - ipfsusage/node2private.json
 warn: - ipfsusage/node2public.json
 warn: - ipfsusage/nodexcluster.json
 warn: - ipfsusage/nodexprivate.json
 warn: - ipfsusage/nodexpublic.json
 warn: - ipfsusage/userdefault.json
 warn: ----------------------------------------------------------------------------

debug: Skipping v0 bootstrap script...  (because it's already been run)
debug: (last run on this computer: @ Tue Feb 18 2020 15:56:49 GMT+0000 (Coordinated Universal Time))
 info: 
 info:                .-..-.
 info: 
 info:    Sails              <|    .-..-.
 info:    v1.2.3              |\
 info:                       /|.\
 info:                      / || \
 info:                    ,'  |'  \
 info:                 .-'.-==|/_--'
 info:                 `--'-------' 
 info:    __---___--___---___--___---___--___
 info:  ____---___--___---___--___---___--___-__
 info: 
 info: Server lifted in `/home/ubuntu/phase2/sailswork/ipfssailsserverwork`
 info: To shut down Sails, press <CTRL> + C at any time.
 info: Read more at https://sailsjs.com/support.

debug: -------------------------------------------------------
debug: :: Wed Apr 29 2020 16:04:04 GMT+0000 (Coordinated Universal Time)

debug: Environment : development
debug: Port        : 1337
debug: -------------------------------------------------------
Initializing daemon...
go-ipfs version: 0.4.21-8ca278f45
Repo version: 7
System version: amd64/linux
Golang version: go1.12.6
Swarm is limited to private network of peers with the swarm key
Swarm key fingerprint: c5def2dfa958102b9d17446a5eb84752
Swarm listening on /ip4/127.0.0.1/tcp/6001
Swarm listening on /ip4/127.0.0.1/tcp/6002/ws
Swarm listening on /p2p-circuit
Swarm announcing /ip4/127.0.0.1/tcp/6001
Swarm announcing /ip4/127.0.0.1/tcp/6002/ws
API server listening on /ip4/0.0.0.0/tcp/5001
WebUI: http://0.0.0.0:5001/webui
Gateway (readonly) server listening on /ip4/0.0.0.0/tcp/8081
Daemon is ready
Initializing daemon...
go-ipfs version: 0.4.21-8ca278f45
Repo version: 7
System version: amd64/linux
Golang version: go1.12.6
Swarm is limited to private network of peers with the swarm key
Swarm key fingerprint: c5def2dfa958102b9d17446a5eb84752
Swarm listening on /ip4/127.0.0.1/tcp/7001
Swarm listening on /ip4/127.0.0.1/tcp/7002/ws
Swarm listening on /p2p-circuit
Swarm announcing /ip4/127.0.0.1/tcp/7001
Swarm announcing /ip4/127.0.0.1/tcp/7002/ws
API server listening on /ip4/0.0.0.0/tcp/5002
WebUI: http://0.0.0.0:5002/webui
Gateway (readonly) server listening on /ip4/0.0.0.0/tcp/8082
Daemon is ready

Received interrupt signal, shutting down...
(Hit ctrl-c again to force-shutdown the daemon.)
[0;37m06:30:49.754 [31mERROR [0;34m    swarm2: [0mswarm listener accept error: listener is closed [0;37mswarm_listen.go:78[0m

Received interrupt signal, shutting down...
(Hit ctrl-c again to force-shutdown the daemon.)
[0;37m06:30:49.755 [31mERROR [0;34m    swarm2: [0mswarm listener accept error: listener is closed [0;37mswarm_listen.go:78[0m
[0;37m06:39:09.905 [31mERROR [0;34m      core: [0mfailure on stop:  context canceled [0;37mbuilder.go:47[0m
[0;37m06:40:16.864 [31mERROR [0;34m      core: [0mfailure on stop:  context canceled [0;37mbuilder.go:47[0m

 info: Starting app...

 info: Initializing project hook... (`api/hooks/custom/`)
 info: Initializing `apianalytics` hook...  (requests to monitored routes will be logged!)
 info: ·• Auto-migrating...  (alter)
 info:    Hold tight, this could take a moment.
 info:  ✓ Auto-migration complete.

0.001
 warn: ---------------------------------------------------------------------------
 warn: Files in the `controllers` directory may be traditional controllers or 
action files.  Traditional controllers are dictionaries of actions, with 
pascal-cased filenames ending in "Controller" (e.g. MyGreatController.js).
Action files are kebab-cased (e.g. do-stuff.js) and contain a single action.
The following files were ignored for not meeting those criteria:
 warn: - ipfstokenmap/slpipfs.json
 warn: - ipfsusage/gamaprivnet_alphaone.json
 warn: - ipfsusage/gamaprivnet_alphathree.json
 warn: - ipfsusage/gamaprivnet_alphatwo.json
 warn: - ipfsusage/node1cluster.json
 warn: - ipfsusage/node1private.json
 warn: - ipfsusage/node1public.json
 warn: - ipfsusage/node2cluster.json
 warn: - ipfsusage/node2private.json
 warn: - ipfsusage/node2public.json
 warn: - ipfsusage/nodexcluster.json
 warn: - ipfsusage/nodexprivate.json
 warn: - ipfsusage/nodexpublic.json
 warn: - ipfsusage/testone.json
 warn: - ipfsusage/testtwo.json
 warn: - ipfsusage/userdefault.json
 warn: - ipfsusage/xx.json
 warn: ----------------------------------------------------------------------------

debug: Skipping v0 bootstrap script...  (because it's already been run)
debug: (last run on this computer: @ Tue Feb 18 2020 15:56:49 GMT+0000 (Coordinated Universal Time))
 info: 
 info:                .-..-.
 info: 
 info:    Sails              <|    .-..-.
 info:    v1.2.3              |\
 info:                       /|.\
 info:                      / || \
 info:                    ,'  |'  \
 info:                 .-'.-==|/_--'
 info:                 `--'-------' 
 info:    __---___--___---___--___---___--___
 info:  ____---___--___---___--___---___--___-__
 info: 
 info: Server lifted in `/home/ubuntu/phase2/sailswork/ipfssailsserverwork`
 info: To shut down Sails, press <CTRL> + C at any time.
 info: Read more at https://sailsjs.com/support.

debug: -------------------------------------------------------
debug: :: Fri May 22 2020 06:52:55 GMT+0000 (Coordinated Universal Time)

debug: Environment : development
debug: Port        : 1337
debug: -------------------------------------------------------
isAuthorised
Decoded={"id":"5ea9a921fe60390c92ad3ad2","iat":1589095916,"exp":2669095916}
User={"createdAt":1588177185150,"updatedAt":1588177185150,"id":"5ea9a921fe60390c92ad3ad2","email":"user1@dora.com","username":"user1","userid":"user1xxx","role":"user","account":0,"password":"$2b$10$wyHOpVTcUuQXJ5hMisN84OFsgxI0Ri0wvp75HbPc/PEG2T5g1o0ke"}



Sun May 24 2020 14:31:28 GMT+0000 (Coordinated Universal Time)
- - - - - - - - - - - - - - - - - - - - - - - - - - - - -

<- POST /api/ipfsusage/checkbasepaths         (17ms 200)
(node:2761) [DEP0066] DeprecationWarning: OutgoingMessage.prototype._headers is deprecated
isAuthorised
Decoded={"id":"5ea9a921fe60390c92ad3ad2","iat":1589095916,"exp":2669095916}
User={"createdAt":1588177185150,"updatedAt":1588177185150,"id":"5ea9a921fe60390c92ad3ad2","email":"user1@dora.com","username":"user1","userid":"user1xxx","role":"user","account":0,"password":"$2b$10$wyHOpVTcUuQXJ5hMisN84OFsgxI0Ri0wvp75HbPc/PEG2T5g1o0ke"}



2 minutes later...

<- POST /api/ipfsusage/savefile               (10ms 200)
isAuthorised
Decoded={"id":"5ea9a921fe60390c92ad3ad2","iat":1589095916,"exp":2669095916}
User={"createdAt":1588177185150,"updatedAt":1588177185150,"id":"5ea9a921fe60390c92ad3ad2","email":"user1@dora.com","username":"user1","userid":"user1xxx","role":"user","account":0,"password":"$2b$10$wyHOpVTcUuQXJ5hMisN84OFsgxI0Ri0wvp75HbPc/PEG2T5g1o0ke"}



5 minutes later...

<- POST /api/ipfsusage/checkbasepaths         (6ms 200)
isAuthorised
Decoded={"id":"5ea9a921fe60390c92ad3ad2","iat":1589095916,"exp":2669095916}
User={"createdAt":1588177185150,"updatedAt":1588177185150,"id":"5ea9a921fe60390c92ad3ad2","email":"user1@dora.com","username":"user1","userid":"user1xxx","role":"user","account":0,"password":"$2b$10$wyHOpVTcUuQXJ5hMisN84OFsgxI0Ri0wvp75HbPc/PEG2T5g1o0ke"}



5 minutes later...

<- POST /api/ipfsusage/checkbasepaths         (7ms 200)
isAuthorised
Decoded={"id":"5ea9a921fe60390c92ad3ad2","iat":1589095916,"exp":2669095916}
User={"createdAt":1588177185150,"updatedAt":1588177185150,"id":"5ea9a921fe60390c92ad3ad2","email":"user1@dora.com","username":"user1","userid":"user1xxx","role":"user","account":0,"password":"$2b$10$wyHOpVTcUuQXJ5hMisN84OFsgxI0Ri0wvp75HbPc/PEG2T5g1o0ke"}



About a minute later...

<- POST /api/ipfsusage/checkbasepaths         (7ms 200)
isAuthorised
Decoded={"id":"5ea9a921fe60390c92ad3ad2","iat":1589095916,"exp":2669095916}
User={"createdAt":1588177185150,"updatedAt":1588177185150,"id":"5ea9a921fe60390c92ad3ad2","email":"user1@dora.com","username":"user1","userid":"user1xxx","role":"user","account":0,"password":"$2b$10$wyHOpVTcUuQXJ5hMisN84OFsgxI0Ri0wvp75HbPc/PEG2T5g1o0ke"}



5 minutes later...

<- POST /api/ipfsusage/checkbasepaths         (7ms 200)

 info: Starting app...

 info: Initializing project hook... (`api/hooks/custom/`)
 info: Initializing `apianalytics` hook...  (requests to monitored routes will be logged!)
 info: ·• Auto-migrating...  (alter)
 info:    Hold tight, this could take a moment.
 info:  ✓ Auto-migration complete.

0.001
 warn: ---------------------------------------------------------------------------
 warn: Files in the `controllers` directory may be traditional controllers or 
action files.  Traditional controllers are dictionaries of actions, with 
pascal-cased filenames ending in "Controller" (e.g. MyGreatController.js).
Action files are kebab-cased (e.g. do-stuff.js) and contain a single action.
The following files were ignored for not meeting those criteria:
 warn: - ipfstokenmap/slpipfs.json
 warn: - ipfsusage/gamaprivnet_alphaone.json
 warn: - ipfsusage/gamaprivnet_alphathree.json
 warn: - ipfsusage/gamaprivnet_alphatwo.json
 warn: - ipfsusage/node1cluster.json
 warn: - ipfsusage/node1private.json
 warn: - ipfsusage/node1public.json
 warn: - ipfsusage/node2cluster.json
 warn: - ipfsusage/node2private.json
 warn: - ipfsusage/node2public.json
 warn: - ipfsusage/nodexcluster.json
 warn: - ipfsusage/nodexprivate.json
 warn: - ipfsusage/nodexpublic.json
 warn: - ipfsusage/testone.json
 warn: - ipfsusage/testtwo.json
 warn: - ipfsusage/userdefault.json
 warn: - ipfsusage/xx.json
 warn: ----------------------------------------------------------------------------

debug: Skipping v0 bootstrap script...  (because it's already been run)
debug: (last run on this computer: @ Tue Feb 18 2020 15:56:49 GMT+0000 (Coordinated Universal Time))
 info: 
 info:                .-..-.
 info: 
 info:    Sails              <|    .-..-.
 info:    v1.2.3              |\
 info:                       /|.\
 info:                      / || \
 info:                    ,'  |'  \
 info:                 .-'.-==|/_--'
 info:                 `--'-------' 
 info:    __---___--___---___--___---___--___
 info:  ____---___--___---___--___---___--___-__
 info: 
 info: Server lifted in `/home/ubuntu/phase2/sailswork/ipfssailsserverwork`
 info: To shut down Sails, press <CTRL> + C at any time.
 info: Read more at https://sailsjs.com/support.

debug: -------------------------------------------------------
debug: :: Sun May 24 2020 17:23:47 GMT+0000 (Coordinated Universal Time)

debug: Environment : development
debug: Port        : 1337
debug: -------------------------------------------------------

 info: Starting app...


 info: Starting app...

 info: Initializing project hook... (`api/hooks/custom/`)
 info: Initializing `apianalytics` hook...  (requests to monitored routes will be logged!)
 info: ·• Auto-migrating...  (alter)
 info:    Hold tight, this could take a moment.
 info:  ✓ Auto-migration complete.

0.001
 warn: ---------------------------------------------------------------------------
 warn: Files in the `controllers` directory may be traditional controllers or 
action files.  Traditional controllers are dictionaries of actions, with 
pascal-cased filenames ending in "Controller" (e.g. MyGreatController.js).
Action files are kebab-cased (e.g. do-stuff.js) and contain a single action.
The following files were ignored for not meeting those criteria:
 warn: - ipfstokenmap/slpipfs.json
 warn: - ipfsusage/gamaprivnet_alphaone.json
 warn: - ipfsusage/gamaprivnet_alphathree.json
 warn: - ipfsusage/gamaprivnet_alphatwo.json
 warn: - ipfsusage/node1cluster.json
 warn: - ipfsusage/node1private.json
 warn: - ipfsusage/node1public.json
 warn: - ipfsusage/node2cluster.json
 warn: - ipfsusage/node2private.json
 warn: - ipfsusage/node2public.json
 warn: - ipfsusage/nodexcluster.json
 warn: - ipfsusage/nodexprivate.json
 warn: - ipfsusage/nodexpublic.json
 warn: - ipfsusage/testone.json
 warn: - ipfsusage/testtwo.json
 warn: - ipfsusage/userdefault.json
 warn: - ipfsusage/xx.json
 warn: ----------------------------------------------------------------------------

debug: Skipping v0 bootstrap script...  (because it's already been run)
debug: (last run on this computer: @ Tue Feb 18 2020 15:56:49 GMT+0000 (Coordinated Universal Time))
 info: 
 info:                .-..-.
 info: 
 info:    Sails              <|    .-..-.
 info:    v1.2.3              |\
 info:                       /|.\
 info:                      / || \
 info:                    ,'  |'  \
 info:                 .-'.-==|/_--'
 info:                 `--'-------' 
 info:    __---___--___---___--___---___--___
 info:  ____---___--___---___--___---___--___-__
 info: 
 info: Server lifted in `/home/ubuntu/phase2/sailswork/ipfssailsserverwork`
 info: To shut down Sails, press <CTRL> + C at any time.
 info: Read more at https://sailsjs.com/support.

debug: -------------------------------------------------------
debug: :: Fri May 29 2020 15:10:38 GMT+0000 (Coordinated Universal Time)

debug: Environment : development
debug: Port        : 1337
debug: -------------------------------------------------------
isAuthorised
Decoded={"id":"5ea9a921fe60390c92ad3ad2","iat":1589095916,"exp":2669095916}
User={"createdAt":1588177185150,"updatedAt":1588177185150,"id":"5ea9a921fe60390c92ad3ad2","email":"user1@dora.com","username":"user1","userid":"user1xxx","role":"user","account":0,"password":"$2b$10$wyHOpVTcUuQXJ5hMisN84OFsgxI0Ri0wvp75HbPc/PEG2T5g1o0ke"}



About a minute later...

<- POST /api/nodeoperation/listprivatenodes   (18ms 200)
(node:27755) [DEP0066] DeprecationWarning: OutgoingMessage.prototype._headers is deprecated
